0 info it worked if it ends with ok
1 verbose cli [ 'node',
1 verbose cli   '/usr/local/bin/npm',
1 verbose cli   'install',
1 verbose cli   'express-session',
1 verbose cli   '--save' ]
2 info using npm@1.4.20
3 info using node@v0.10.29
4 verbose node symlink /usr/local/bin/node
5 verbose readDependencies using package.json deps
6 verbose cache add [ 'express-session@1.7.6', null ]
7 verbose cache add name=undefined spec="express-session@1.7.6" args=["express-session@1.7.6",null]
8 verbose parsed url { protocol: null,
8 verbose parsed url   slashes: null,
8 verbose parsed url   auth: null,
8 verbose parsed url   host: null,
8 verbose parsed url   port: null,
8 verbose parsed url   hostname: null,
8 verbose parsed url   hash: null,
8 verbose parsed url   search: null,
8 verbose parsed url   query: null,
8 verbose parsed url   pathname: 'express-session@1.7.6',
8 verbose parsed url   path: 'express-session@1.7.6',
8 verbose parsed url   href: 'express-session@1.7.6' }
9 verbose cache add name="express-session" spec="1.7.6" args=["express-session","1.7.6"]
10 verbose parsed url { protocol: null,
10 verbose parsed url   slashes: null,
10 verbose parsed url   auth: null,
10 verbose parsed url   host: null,
10 verbose parsed url   port: null,
10 verbose parsed url   hostname: null,
10 verbose parsed url   hash: null,
10 verbose parsed url   search: null,
10 verbose parsed url   query: null,
10 verbose parsed url   pathname: '1.7.6',
10 verbose parsed url   path: '1.7.6',
10 verbose parsed url   href: '1.7.6' }
11 verbose addNamed [ 'express-session', '1.7.6' ]
12 verbose addNamed [ '1.7.6', '1.7.6' ]
13 silly lockFile 4ee4039e-express-session-1-7-6 express-session@1.7.6
14 verbose lock express-session@1.7.6 /Users/elr-mbp/.npm/4ee4039e-express-session-1-7-6.lock
15 verbose request where is /express-session
16 verbose request registry https://registry.npmjs.org/
17 verbose request id f6be5d5b2e7e0ea8
18 verbose url raw /express-session
19 verbose url resolving [ 'https://registry.npmjs.org/', './express-session' ]
20 verbose url resolved https://registry.npmjs.org/express-session
21 verbose request where is https://registry.npmjs.org/express-session
22 info trying registry request attempt 1 at 22:10:53
23 verbose etag "3Q6ANRR5YIO6LZEBXGR3IZG66"
24 http GET https://registry.npmjs.org/express-session
25 info retry will retry, error on last attempt: Error: getaddrinfo ENOTFOUND
26 info trying registry request attempt 2 at 22:11:38
27 verbose etag "3Q6ANRR5YIO6LZEBXGR3IZG66"
28 http GET https://registry.npmjs.org/express-session
29 info retry will retry, error on last attempt: Error: getaddrinfo ENOTFOUND
30 info trying registry request attempt 3 at 22:13:13
31 verbose etag "3Q6ANRR5YIO6LZEBXGR3IZG66"
32 http GET https://registry.npmjs.org/express-session
33 silly registry.get cb [ 304, undefined ]
34 verbose etag https://registry.npmjs.org/express-session from cache
35 silly lockFile 4ee4039e-express-session-1-7-6 express-session@1.7.6
36 silly lockFile 4ee4039e-express-session-1-7-6 express-session@1.7.6
37 error Error: version not found: express-session@1.7.6
37 error     at /usr/local/lib/node_modules/npm/lib/cache/add-named.js:125:12
37 error     at saved (/usr/local/lib/node_modules/npm/node_modules/npm-registry-client/lib/get.js:167:7)
37 error     at Object.oncomplete (fs.js:107:15)
38 error If you need help, you may report this *entire* log,
38 error including the npm and node versions, at:
38 error     <http://github.com/npm/npm/issues>
39 error System Darwin 14.0.0
40 error command "node" "/usr/local/bin/npm" "install" "express-session" "--save"
41 error cwd /Users/elr-mbp/code/github/every-status
42 error node -v v0.10.29
43 error npm -v 1.4.20
44 verbose exit [ 1, true ]
